[INFO] Scanning for projects...
[INFO] 
[INFO] --------------------< com.example:payment-service >---------------------
[INFO] Building payment_service 0.0.1-SNAPSHOT
[INFO]   from pom.xml
[INFO] --------------------------------[ jar ]---------------------------------
[INFO] 
[INFO] --- clean:3.3.2:clean (default-clean) @ payment-service ---
[INFO] Deleting C:\Users\Group Laptops\Desktop\microservices-kafka\payment_service\target
[INFO] 
[INFO] --- resources:3.3.1:resources (default-resources) @ payment-service ---
[INFO] Copying 1 resource from src\main\resources to target\classes
[INFO] Copying 0 resource from src\main\resources to target\classes
[INFO] 
[INFO] --- compiler:3.11.0:compile (default-compile) @ payment-service ---
[INFO] Changes detected - recompiling the module! :source
[INFO] Compiling 31 source files with javac [debug release 21] to target\classes
[INFO] -------------------------------------------------------------
[ERROR] COMPILATION ERROR : 
[INFO] -------------------------------------------------------------
[ERROR] /C:/Users/Group Laptops/Desktop/microservices-kafka/payment_service/src/main/java/com/example/payment/kafka/pipeline/PipelineKafkaConfig.java:[3,24] package com.example.avro does not exist
[ERROR] /C:/Users/Group Laptops/Desktop/microservices-kafka/payment_service/src/main/java/com/example/payment/kafka/pipeline/PipelineKafkaConfig.java:[5,38] package io.confluent.kafka.serializers does not exist
[ERROR] /C:/Users/Group Laptops/Desktop/microservices-kafka/payment_service/src/main/java/com/example/payment/kafka/pipeline/PipelineKafkaConfig.java:[6,38] package io.confluent.kafka.serializers does not exist
[ERROR] /C:/Users/Group Laptops/Desktop/microservices-kafka/payment_service/src/main/java/com/example/payment/kafka/pipeline/PipelineKafkaConfig.java:[7,38] package io.confluent.kafka.serializers does not exist
[ERROR] /C:/Users/Group Laptops/Desktop/microservices-kafka/payment_service/src/main/java/com/example/payment/kafka/pipeline/PipelineKafkaConfig.java:[118,36] cannot find symbol
  symbol:   class OrderCreated
  location: class com.example.payment.kafka.pipeline.PipelineKafkaConfig
[ERROR] /C:/Users/Group Laptops/Desktop/microservices-kafka/payment_service/src/main/java/com/example/payment/kafka/pipeline/PipelineKafkaConfig.java:[132,60] cannot find symbol
  symbol:   class OrderCreated
  location: class com.example.payment.kafka.pipeline.PipelineKafkaConfig
[ERROR] /C:/Users/Group Laptops/Desktop/microservices-kafka/payment_service/src/main/java/com/example/payment/kafka/pipeline/OrderEventProcessorJson.java:[9,28] package io.opentelemetry.api does not exist
[ERROR] /C:/Users/Group Laptops/Desktop/microservices-kafka/payment_service/src/main/java/com/example/payment/kafka/pipeline/OrderEventProcessorJson.java:[10,34] package io.opentelemetry.api.trace does not exist
[ERROR] /C:/Users/Group Laptops/Desktop/microservices-kafka/payment_service/src/main/java/com/example/payment/kafka/pipeline/OrderEventProcessorJson.java:[11,34] package io.opentelemetry.api.trace does not exist
[ERROR] /C:/Users/Group Laptops/Desktop/microservices-kafka/payment_service/src/main/java/com/example/payment/kafka/pipeline/OrderEventProcessorJson.java:[12,34] package io.opentelemetry.api.trace does not exist
[ERROR] /C:/Users/Group Laptops/Desktop/microservices-kafka/payment_service/src/main/java/com/example/payment/kafka/pipeline/OrderEventProcessorJson.java:[13,32] package io.opentelemetry.context does not exist
[ERROR] /C:/Users/Group Laptops/Desktop/microservices-kafka/payment_service/src/main/java/com/example/payment/kafka/pipeline/OrderEventProcessorJson.java:[14,32] package io.opentelemetry.context does not exist
[ERROR] /C:/Users/Group Laptops/Desktop/microservices-kafka/payment_service/src/main/java/com/example/payment/kafka/pipeline/OrderEventProcessorJson.java:[24,26] cannot find symbol
  symbol:   class Tracer
  location: class com.example.payment.kafka.pipeline.OrderEventProcessorJson
[ERROR] /C:/Users/Group Laptops/Desktop/microservices-kafka/payment_service/src/main/java/com/example/payment/controller/OrderController.java:[5,34] package io.opentelemetry.api.trace does not exist
[ERROR] /C:/Users/Group Laptops/Desktop/microservices-kafka/payment_service/src/main/java/com/example/payment/kafka/pipeline/OrderEventProcessorAvro.java:[3,24] package com.example.avro does not exist
[ERROR] /C:/Users/Group Laptops/Desktop/microservices-kafka/payment_service/src/main/java/com/example/payment/kafka/pipeline/OrderEventProcessorAvro.java:[17,52] package io.opentelemetry.api.trace does not exist
[ERROR] /C:/Users/Group Laptops/Desktop/microservices-kafka/payment_service/src/main/java/com/example/payment/kafka/pipeline/OrderEventProcessorAvro.java:[33,81] cannot find symbol
  symbol:   class OrderCreated
  location: class com.example.payment.kafka.pipeline.OrderEventProcessorAvro
[ERROR] /C:/Users/Group Laptops/Desktop/microservices-kafka/payment_service/src/main/java/com/example/payment/observability/KafkaTracePropagator.java:[3,28] package io.opentelemetry.api does not exist
[ERROR] /C:/Users/Group Laptops/Desktop/microservices-kafka/payment_service/src/main/java/com/example/payment/observability/KafkaTracePropagator.java:[4,32] package io.opentelemetry.context does not exist
[ERROR] /C:/Users/Group Laptops/Desktop/microservices-kafka/payment_service/src/main/java/com/example/payment/observability/KafkaTracePropagator.java:[5,44] package io.opentelemetry.context.propagation does not exist
[ERROR] /C:/Users/Group Laptops/Desktop/microservices-kafka/payment_service/src/main/java/com/example/payment/observability/KafkaTracePropagator.java:[6,44] package io.opentelemetry.context.propagation does not exist
[ERROR] /C:/Users/Group Laptops/Desktop/microservices-kafka/payment_service/src/main/java/com/example/payment/observability/KafkaTracePropagator.java:[7,44] package io.opentelemetry.context.propagation does not exist
[ERROR] /C:/Users/Group Laptops/Desktop/microservices-kafka/payment_service/src/main/java/com/example/payment/observability/KafkaTracePropagator.java:[21,26] cannot find symbol
  symbol:   class TextMapPropagator
  location: class com.example.payment.observability.KafkaTracePropagator
[ERROR] /C:/Users/Group Laptops/Desktop/microservices-kafka/payment_service/src/main/java/com/example/payment/observability/KafkaTracePropagator.java:[24,26] cannot find symbol
  symbol:   class TextMapSetter
  location: class com.example.payment.observability.KafkaTracePropagator
[ERROR] /C:/Users/Group Laptops/Desktop/microservices-kafka/payment_service/src/main/java/com/example/payment/observability/KafkaTracePropagator.java:[32,26] cannot find symbol
  symbol:   class TextMapGetter
  location: class com.example.payment.observability.KafkaTracePropagator
[ERROR] /C:/Users/Group Laptops/Desktop/microservices-kafka/payment_service/src/main/java/com/example/payment/observability/KafkaTracePropagator.java:[64,19] cannot find symbol
  symbol:   class Context
  location: class com.example.payment.observability.KafkaTracePropagator
[ERROR] /C:/Users/Group Laptops/Desktop/microservices-kafka/payment_service/src/main/java/com/example/payment/observability/KafkaTracePropagator.java:[68,19] cannot find symbol
  symbol:   class Context
  location: class com.example.payment.observability.KafkaTracePropagator
[ERROR] /C:/Users/Group Laptops/Desktop/microservices-kafka/payment_service/src/main/java/com/example/payment/controller/PaymentController.java:[7,34] package io.opentelemetry.api.trace does not exist
[INFO] 28 errors 
[INFO] -------------------------------------------------------------
[INFO] ------------------------------------------------------------------------
[INFO] BUILD FAILURE
[INFO] ------------------------------------------------------------------------
[INFO] Total time:  5.965 s
[INFO] Finished at: 2026-02-28T04:41:23Z
[INFO] ------------------------------------------------------------------------
[ERROR] Failed to execute goal org.apache.maven.plugins:maven-compiler-plugin:3.11.0:compile (default-compile) on project payment-service: Compilation failure: Compilation failure: 
[ERROR] /C:/Users/Group Laptops/Desktop/microservices-kafka/payment_service/src/main/java/com/example/payment/kafka/pipeline/PipelineKafkaConfig.java:[3,24] package com.example.avro does not exist
[ERROR] /C:/Users/Group Laptops/Desktop/microservices-kafka/payment_service/src/main/java/com/example/payment/kafka/pipeline/PipelineKafkaConfig.java:[5,38] package io.confluent.kafka.serializers does not exist
[ERROR] /C:/Users/Group Laptops/Desktop/microservices-kafka/payment_service/src/main/java/com/example/payment/kafka/pipeline/PipelineKafkaConfig.java:[6,38] package io.confluent.kafka.serializers does not exist
[ERROR] /C:/Users/Group Laptops/Desktop/microservices-kafka/payment_service/src/main/java/com/example/payment/kafka/pipeline/PipelineKafkaConfig.java:[7,38] package io.confluent.kafka.serializers does not exist
[ERROR] /C:/Users/Group Laptops/Desktop/microservices-kafka/payment_service/src/main/java/com/example/payment/kafka/pipeline/PipelineKafkaConfig.java:[118,36] cannot find symbol
[ERROR]   symbol:   class OrderCreated
[ERROR]   location: class com.example.payment.kafka.pipeline.PipelineKafkaConfig
[ERROR] /C:/Users/Group Laptops/Desktop/microservices-kafka/payment_service/src/main/java/com/example/payment/kafka/pipeline/PipelineKafkaConfig.java:[132,60] cannot find symbol
[ERROR]   symbol:   class OrderCreated
[ERROR]   location: class com.example.payment.kafka.pipeline.PipelineKafkaConfig
[ERROR] /C:/Users/Group Laptops/Desktop/microservices-kafka/payment_service/src/main/java/com/example/payment/kafka/pipeline/OrderEventProcessorJson.java:[9,28] package io.opentelemetry.api does not exist
[ERROR] /C:/Users/Group Laptops/Desktop/microservices-kafka/payment_service/src/main/java/com/example/payment/kafka/pipeline/OrderEventProcessorJson.java:[10,34] package io.opentelemetry.api.trace does not exist
[ERROR] /C:/Users/Group Laptops/Desktop/microservices-kafka/payment_service/src/main/java/com/example/payment/kafka/pipeline/OrderEventProcessorJson.java:[11,34] package io.opentelemetry.api.trace does not exist
[ERROR] /C:/Users/Group Laptops/Desktop/microservices-kafka/payment_service/src/main/java/com/example/payment/kafka/pipeline/OrderEventProcessorJson.java:[12,34] package io.opentelemetry.api.trace does not exist
[ERROR] /C:/Users/Group Laptops/Desktop/microservices-kafka/payment_service/src/main/java/com/example/payment/kafka/pipeline/OrderEventProcessorJson.java:[13,32] package io.opentelemetry.context does not exist
[ERROR] /C:/Users/Group Laptops/Desktop/microservices-kafka/payment_service/src/main/java/com/example/payment/kafka/pipeline/OrderEventProcessorJson.java:[14,32] package io.opentelemetry.context does not exist
[ERROR] /C:/Users/Group Laptops/Desktop/microservices-kafka/payment_service/src/main/java/com/example/payment/kafka/pipeline/OrderEventProcessorJson.java:[24,26] cannot find symbol
[ERROR]   symbol:   class Tracer
[ERROR]   location: class com.example.payment.kafka.pipeline.OrderEventProcessorJson
[ERROR] /C:/Users/Group Laptops/Desktop/microservices-kafka/payment_service/src/main/java/com/example/payment/controller/OrderController.java:[5,34] package io.opentelemetry.api.trace does not exist
[ERROR] /C:/Users/Group Laptops/Desktop/microservices-kafka/payment_service/src/main/java/com/example/payment/kafka/pipeline/OrderEventProcessorAvro.java:[3,24] package com.example.avro does not exist
[ERROR] /C:/Users/Group Laptops/Desktop/microservices-kafka/payment_service/src/main/java/com/example/payment/kafka/pipeline/OrderEventProcessorAvro.java:[17,52] package io.opentelemetry.api.trace does not exist
[ERROR] /C:/Users/Group Laptops/Desktop/microservices-kafka/payment_service/src/main/java/com/example/payment/kafka/pipeline/OrderEventProcessorAvro.java:[33,81] cannot find symbol
[ERROR]   symbol:   class OrderCreated
[ERROR]   location: class com.example.payment.kafka.pipeline.OrderEventProcessorAvro
[ERROR] /C:/Users/Group Laptops/Desktop/microservices-kafka/payment_service/src/main/java/com/example/payment/observability/KafkaTracePropagator.java:[3,28] package io.opentelemetry.api does not exist
[ERROR] /C:/Users/Group Laptops/Desktop/microservices-kafka/payment_service/src/main/java/com/example/payment/observability/KafkaTracePropagator.java:[4,32] package io.opentelemetry.context does not exist
[ERROR] /C:/Users/Group Laptops/Desktop/microservices-kafka/payment_service/src/main/java/com/example/payment/observability/KafkaTracePropagator.java:[5,44] package io.opentelemetry.context.propagation does not exist
[ERROR] /C:/Users/Group Laptops/Desktop/microservices-kafka/payment_service/src/main/java/com/example/payment/observability/KafkaTracePropagator.java:[6,44] package io.opentelemetry.context.propagation does not exist
[ERROR] /C:/Users/Group Laptops/Desktop/microservices-kafka/payment_service/src/main/java/com/example/payment/observability/KafkaTracePropagator.java:[7,44] package io.opentelemetry.context.propagation does not exist
[ERROR] /C:/Users/Group Laptops/Desktop/microservices-kafka/payment_service/src/main/java/com/example/payment/observability/KafkaTracePropagator.java:[21,26] cannot find symbol
[ERROR]   symbol:   class TextMapPropagator
[ERROR]   location: class com.example.payment.observability.KafkaTracePropagator
[ERROR] /C:/Users/Group Laptops/Desktop/microservices-kafka/payment_service/src/main/java/com/example/payment/observability/KafkaTracePropagator.java:[24,26] cannot find symbol
[ERROR]   symbol:   class TextMapSetter
[ERROR]   location: class com.example.payment.observability.KafkaTracePropagator
[ERROR] /C:/Users/Group Laptops/Desktop/microservices-kafka/payment_service/src/main/java/com/example/payment/observability/KafkaTracePropagator.java:[32,26] cannot find symbol
[ERROR]   symbol:   class TextMapGetter
[ERROR]   location: class com.example.payment.observability.KafkaTracePropagator
[ERROR] /C:/Users/Group Laptops/Desktop/microservices-kafka/payment_service/src/main/java/com/example/payment/observability/KafkaTracePropagator.java:[64,19] cannot find symbol
[ERROR]   symbol:   class Context
[ERROR]   location: class com.example.payment.observability.KafkaTracePropagator
[ERROR] /C:/Users/Group Laptops/Desktop/microservices-kafka/payment_service/src/main/java/com/example/payment/observability/KafkaTracePropagator.java:[68,19] cannot find symbol
[ERROR]   symbol:   class Context
[ERROR]   location: class com.example.payment.observability.KafkaTracePropagator
[ERROR] /C:/Users/Group Laptops/Desktop/microservices-kafka/payment_service/src/main/java/com/example/payment/controller/PaymentController.java:[7,34] package io.opentelemetry.api.trace does not exist
[ERROR] -> [Help 1]
[ERROR] 
[ERROR] To see the full stack trace of the errors, re-run Maven with the -e switch.
[ERROR] Re-run Maven using the -X switch to enable full debug logging.
[ERROR] 
[ERROR] For more information about the errors and possible solutions, please read the following articles:
[ERROR] [Help 1] http://cwiki.apache.org/confluence/display/MAVEN/MojoFailureException
